<?xml version="1.0" encoding="UTF-8"?>
<!-- Generated by org.testng.reporters.JUnitReportReporter -->
<testsuite hostname="ADMINRG-8TM2G52" name="com.qa.goRestApi.getCall" tests="1" failures="0" timestamp="25 Aug 2021 11:54:46 GMT" time="4.880" errors="0">
  <testcase name="goRestTest" time="4.880" classname="com.qa.goRestApi.getCall"/>
</testsuite> <!-- com.qa.goRestApi.getCall -->
