<?xml version="1.0" encoding="UTF-8"?>
<!-- Generated by org.testng.reporters.JUnitReportReporter -->
<testsuite hostname="ADMINRG-8TM2G52" name="restAPI.RespAPI_Validatioon" tests="1" failures="0" timestamp="21 Aug 2021 14:52:29 GMT" time="1.625" errors="0">
  <testcase name="validation" time="1.625" classname="restAPI.RespAPI_Validatioon"/>
</testsuite> <!-- restAPI.RespAPI_Validatioon -->
