<?xml version="1.0" encoding="UTF-8"?>
<!-- Generated by org.testng.reporters.JUnitReportReporter -->
<testsuite hostname="ADMINRG-8TM2G52" name="com.qa.seleniumPractice.checkBoxes" tests="3" failures="0" timestamp="4 Sep 2021 16:38:58 GMT" time="54.578" errors="0">
  <testcase name="BaicAuth" time="20.097" classname="com.qa.seleniumPractice.checkBoxes"/>
  <testcase name="test" time="8.803" classname="com.qa.seleniumPractice.checkBoxes"/>
  <testcase name="checkBoxes" time="25.678" classname="com.qa.seleniumPractice.checkBoxes"/>
</testsuite> <!-- com.qa.seleniumPractice.checkBoxes -->
