<?xml version="1.0" encoding="UTF-8"?>
<!-- Generated by org.testng.reporters.JUnitReportReporter -->
<testsuite hostname="ADMINRG-8TM2G52" name="restAPI.withOutAPIClass" tests="1" failures="0" timestamp="25 Aug 2021 12:03:47 GMT" time="4.636" errors="0">
  <testcase name="readRespons" time="4.636" classname="restAPI.withOutAPIClass"/>
</testsuite> <!-- restAPI.withOutAPIClass -->
