<?xml version="1.0" encoding="UTF-8"?>
<!-- Generated by org.testng.reporters.JUnitReportReporter -->
<testsuite hostname="ADMINRG-8TM2G52" name="com.qa.seleniumPractice.checkBoxes" tests="3" failures="0" timestamp="5 Sep 2021 14:58:04 GMT" time="79.431" errors="0">
  <testcase name="BaicAuth" time="18.020" classname="com.qa.seleniumPractice.checkBoxes"/>
  <testcase name="checkBoxes" time="30.299" classname="com.qa.seleniumPractice.checkBoxes"/>
  <testcase name="test" time="31.112" classname="com.qa.seleniumPractice.checkBoxes"/>
</testsuite> <!-- com.qa.seleniumPractice.checkBoxes -->
