<?xml version="1.0" encoding="UTF-8"?>
<!-- Generated by org.testng.reporters.JUnitReportReporter -->
<testsuite hostname="ADMINRG-8TM2G52" name="com.qa.seleniumPractice.RightClickandAlert" tests="1" failures="0" timestamp="5 Sep 2021 15:39:30 GMT" time="11.230" errors="0">
  <testcase name="windowHandle" time="11.230" classname="com.qa.seleniumPractice.RightClickandAlert"/>
</testsuite> <!-- com.qa.seleniumPractice.RightClickandAlert -->
