<?xml version="1.0" encoding="UTF-8"?>
<!-- Generated by org.testng.reporters.JUnitReportReporter -->
<testsuite hostname="ADMINRG-8TM2G52" name="com.qa.seleniumPractice.checkBoxes" tests="3" failures="0" timestamp="4 Sep 2021 07:16:28 GMT" time="71.023" errors="0">
  <testcase name="checkBoxes" time="29.963" classname="com.qa.seleniumPractice.checkBoxes"/>
  <testcase name="BaicAuth" time="31.216" classname="com.qa.seleniumPractice.checkBoxes"/>
  <testcase name="test" time="9.844" classname="com.qa.seleniumPractice.checkBoxes"/>
</testsuite> <!-- com.qa.seleniumPractice.checkBoxes -->
