<?xml version="1.0" encoding="UTF-8"?>
<!-- Generated by org.testng.reporters.JUnitReportReporter -->
<testsuite hostname="my-PC" name="com.wordpress.testwordpress.TestWordpress" tests="1" failures="0" timestamp="7 May 2016 12:05:37 GMT" time="48.273" errors="0">
  <testcase name="run_test" time="48.273" classname="com.wordpress.testwordpress.TestWordpress"/>
</testsuite> <!-- com.wordpress.testwordpress.TestWordpress -->
