<?xml version="1.0" encoding="UTF-8"?>
<!-- Generated by org.testng.reporters.JUnitReportReporter -->
<testsuite hostname="ADMINRG-8TM2G52" name="restAPI.validateHeaders" tests="1" failures="0" timestamp="21 Aug 2021 14:52:29 GMT" time="3.525" errors="0">
  <testcase name="validateHeaders" time="3.525" classname="restAPI.validateHeaders"/>
</testsuite> <!-- restAPI.validateHeaders -->
