<?xml version="1.0" encoding="UTF-8"?>
<!-- Generated by org.testng.reporters.JUnitReportReporter -->
<testsuite hostname="ADMINRG-8TM2G52" name="com.qa.test.loginTest" tests="1" failures="0" timestamp="24 Aug 2021 17:18:23 GMT" time="0.057" errors="0">
  <testcase name="validateTitle" time="0.057" classname="com.qa.test.loginTest"/>
</testsuite> <!-- com.qa.test.loginTest -->
