<?xml version="1.0" encoding="UTF-8"?>
<!-- Generated by org.testng.reporters.JUnitReportReporter -->
<testsuite hostname="ADMINRG-8TM2G52" name="RequestPackage.getRequest" tests="1" failures="0" timestamp="14 Aug 2021 10:52:41 GMT" time="4.852" errors="0">
  <testcase name="getRequest" time="4.852" classname="RequestPackage.getRequest"/>
</testsuite> <!-- RequestPackage.getRequest -->
