<?xml version="1.0" encoding="UTF-8"?>
<!-- Generated by org.testng.reporters.JUnitReportReporter -->
<testsuite hostname="ADMINRG-8TM2G52" name="com.qa.test.uiTestforLoginPage" tests="2" failures="0" timestamp="27 Aug 2021 19:09:43 GMT" time="0.563" errors="0">
  <testcase name="validateWelcomeText" time="0.319" classname="com.qa.test.uiTestforLoginPage"/>
  <testcase name="RememberMeTextValidation" time="0.244" classname="com.qa.test.uiTestforLoginPage"/>
</testsuite> <!-- com.qa.test.uiTestforLoginPage -->
