<?xml version="1.0" encoding="UTF-8"?>
<!-- Generated by org.testng.reporters.JUnitReportReporter -->
<testsuite hostname="ADMINRG-8TM2G52" name="restAPI.RestAPIPostRequest" tests="1" failures="0" timestamp="13 Aug 2021 06:13:37 GMT" time="9.663" errors="0">
  <testcase name="Post" time="9.663" classname="restAPI.RestAPIPostRequest"/>
</testsuite> <!-- restAPI.RestAPIPostRequest -->
