<?xml version="1.0" encoding="UTF-8"?>
<!-- Generated by org.testng.reporters.JUnitReportReporter -->
<testsuite hostname="ADMINRG-8TM2G52" name="RequestPackage.getRequestTest" tests="1" failures="0" timestamp="14 Aug 2021 11:18:09 GMT" time="5.120" errors="0">
  <testcase name="getRequest" time="5.120" classname="RequestPackage.getRequestTest"/>
</testsuite> <!-- RequestPackage.getRequestTest -->
