<?xml version="1.0" encoding="UTF-8"?>
<!-- Generated by org.testng.reporters.JUnitReportReporter -->
<testsuite hostname="ADMINRG-8TM2G52" name="com.qa.goRestApi.getCall" tests="1" failures="0" timestamp="28 Aug 2021 06:05:33 GMT" time="9.751" errors="0">
  <testcase name="goRestTest" time="9.751" classname="com.qa.goRestApi.getCall"/>
</testsuite> <!-- com.qa.goRestApi.getCall -->
