<?xml version="1.0" encoding="UTF-8"?>
<!-- Generated by org.testng.reporters.JUnitReportReporter -->
<testsuite hostname="ADMINRG-8TM2G52" name="com.qa.test.uiTestforLoginPage" tests="2" failures="0" timestamp="24 Aug 2021 17:18:23 GMT" time="0.091" errors="0">
  <testcase name="validateWelcomeText" time="0.042" classname="com.qa.test.uiTestforLoginPage"/>
  <testcase name="RememberMeTextValidation" time="0.049" classname="com.qa.test.uiTestforLoginPage"/>
</testsuite> <!-- com.qa.test.uiTestforLoginPage -->
