<?xml version="1.0" encoding="UTF-8"?>
<!-- Generated by org.testng.reporters.JUnitReportReporter -->
<testsuite hostname="ADMINRG-8TM2G52" name="restAPI.RESTapi" tests="1" failures="0" timestamp="21 Aug 2021 14:52:29 GMT" time="4.983" errors="0">
  <testcase name="add" time="4.983" classname="restAPI.RESTapi"/>
</testsuite> <!-- restAPI.RESTapi -->
