<?xml version="1.0" encoding="UTF-8"?>
<!-- Generated by org.testng.reporters.JUnitReportReporter -->
<testsuite hostname="ADMINRG-8TM2G52" name="com.qa.seleniumPractice.windowHandle" tests="1" failures="0" timestamp="5 Sep 2021 14:58:04 GMT" time="40.546" errors="0">
  <testcase name="windowHandle" time="40.546" classname="com.qa.seleniumPractice.windowHandle"/>
</testsuite> <!-- com.qa.seleniumPractice.windowHandle -->
