<?xml version="1.0" encoding="UTF-8"?>
<!-- Generated by org.testng.reporters.JUnitReportReporter -->
<testsuite hostname="ADMINRG-8TM2G52" name="restAPI.postRequest" tests="1" failures="0" timestamp="8 Aug 2021 15:38:06 GMT" time="4.030" errors="0">
  <testcase name="post" time="4.030" classname="restAPI.postRequest"/>
</testsuite> <!-- restAPI.postRequest -->
