<?xml version="1.0" encoding="UTF-8"?>
<!-- Generated by org.testng.reporters.JUnitReportReporter -->
<testsuite hostname="ADMINRG-8TM2G52" name="RequestPackage.mockResponseAPI" tests="1" failures="0" timestamp="15 Aug 2021 16:29:15 GMT" time="2.238" errors="0">
  <testcase name="readResponse" time="2.238" classname="RequestPackage.mockResponseAPI"/>
</testsuite> <!-- RequestPackage.mockResponseAPI -->
