<?xml version="1.0" encoding="UTF-8"?>
<!-- Generated by org.testng.reporters.JUnitReportReporter -->
<testsuite hostname="ADMINRG-8TM2G52" name="com.qa.seleniumPractice.handleFrames" tests="1" failures="0" timestamp="5 Sep 2021 14:58:04 GMT" time="48.741" errors="0">
  <testcase name="windowHandle" time="48.741" classname="com.qa.seleniumPractice.handleFrames"/>
</testsuite> <!-- com.qa.seleniumPractice.handleFrames -->
