<?xml version="1.0" encoding="UTF-8"?>
<!-- Generated by org.testng.reporters.JUnitReportReporter -->
<testsuite hostname="ADMINRG-8TM2G52" name="com.qa.seleniumPractice.nestedFrames" tests="1" failures="0" timestamp="4 Sep 2021 17:15:52 GMT" time="13.971" errors="0">
  <testcase name="windowHandle" time="13.971" classname="com.qa.seleniumPractice.nestedFrames"/>
</testsuite> <!-- com.qa.seleniumPractice.nestedFrames -->
