<?xml version="1.0" encoding="UTF-8"?>
<!-- Generated by org.testng.reporters.JUnitReportReporter -->
<testsuite hostname="ADMINRG-8TM2G52" name="com.qa.test.uiTestforLoginPage" tests="2" failures="0" timestamp="28 Aug 2021 15:24:41 GMT" time="0.311" errors="0">
  <testcase name="RememberMeTextValidation" time="0.159" classname="com.qa.test.uiTestforLoginPage"/>
  <testcase name="validateWelcomeText" time="0.152" classname="com.qa.test.uiTestforLoginPage"/>
</testsuite> <!-- com.qa.test.uiTestforLoginPage -->
