<?xml version="1.0" encoding="UTF-8"?>
<!-- Generated by org.testng.reporters.JUnitReportReporter -->
<testsuite hostname="ADMINRG-8TM2G52" name="com.qa.test.loginTest" tests="1" failures="0" timestamp="28 Aug 2021 18:08:22 GMT" time="0.012" errors="0">
  <testcase name="validateTitle" time="0.012" classname="com.qa.test.loginTest"/>
</testsuite> <!-- com.qa.test.loginTest -->
