<?xml version="1.0" encoding="UTF-8"?>
<!-- Generated by org.testng.reporters.JUnitReportReporter -->
<testsuite hostname="ADMINRG-8TM2G52" name="com.qa.test.createDiscountTest" tests="1" failures="0" timestamp="28 Aug 2021 18:08:22 GMT" time="8.223" errors="0">
  <testcase name="createDiscount" time="8.223" classname="com.qa.test.createDiscountTest"/>
</testsuite> <!-- com.qa.test.createDiscountTest -->
