<?xml version="1.0" encoding="UTF-8"?>
<!-- Generated by org.testng.reporters.JUnitReportReporter -->
<testsuite hostname="ADMINRG-8TM2G52" name="com.qa.test.ADDcustomerTestclass" tests="1" failures="0" timestamp="27 Aug 2021 06:31:51 GMT" time="14.475" errors="0">
  <testcase name="runTest" time="14.475" classname="com.qa.test.ADDcustomerTestclass"/>
</testsuite> <!-- com.qa.test.ADDcustomerTestclass -->
