<?xml version="1.0" encoding="UTF-8"?>
<!-- Generated by org.testng.reporters.JUnitReportReporter -->
<testsuite hostname="ADMINRG-8TM2G52" name="com.qa.test.ADDcustomerTestclass" tests="1" failures="0" timestamp="28 Aug 2021 15:24:41 GMT" time="12.789" errors="0">
  <testcase name="runTest" time="12.789" classname="com.qa.test.ADDcustomerTestclass"/>
</testsuite> <!-- com.qa.test.ADDcustomerTestclass -->
