<?xml version="1.0" encoding="UTF-8"?>
<!-- Generated by org.testng.reporters.JUnitReportReporter -->
<testsuite hostname="ADMINRG-8TM2G52" name="com.qa.test.uiTestforLoginPage" tests="2" failures="0" timestamp="28 Aug 2021 18:08:22 GMT" time="0.104" errors="0">
  <testcase name="RememberMeTextValidation" time="0.068" classname="com.qa.test.uiTestforLoginPage"/>
  <testcase name="validateWelcomeText" time="0.036" classname="com.qa.test.uiTestforLoginPage"/>
</testsuite> <!-- com.qa.test.uiTestforLoginPage -->
